SF:lib\features\complainant\data\data_sources\complaint_remote_data_source.dart
DA:20,1
DA:26,1
DA:27,1
DA:28,3
DA:30,1
DA:33,3
DA:37,2
DA:38,1
DA:39,3
DA:40,2
DA:44,1
DA:49,1
DA:50,2
DA:51,3
DA:53,1
DA:56,3
DA:60,2
DA:61,3
DA:63,1
LF:19
LH:19
end_of_record
SF:lib\features\complainant\data\models\complaint_test.dart
DA:6,0
DA:7,0
DA:9,0
DA:12,1
DA:32,1
DA:33,1
DA:34,1
DA:35,1
DA:36,1
DA:37,1
DA:38,1
DA:39,1
DA:40,1
DA:41,1
DA:42,1
DA:43,1
DA:44,1
DA:45,1
DA:46,1
DA:47,1
DA:48,1
DA:49,1
DA:52,5
DA:53,10
DA:54,5
DA:55,10
DA:56,15
DA:57,15
DA:60,5
DA:61,10
DA:62,15
DA:63,15
DA:66,5
DA:67,10
DA:68,15
DA:69,15
DA:72,5
DA:73,10
DA:74,15
DA:75,15
DA:78,10
DA:79,10
DA:80,10
DA:81,10
DA:82,10
DA:83,10
DA:84,10
DA:85,10
DA:86,10
DA:87,10
DA:88,10
DA:89,10
DA:90,10
DA:112,4
DA:114,0
DA:116,0
DA:118,0
DA:120,0
DA:122,0
DA:124,0
DA:126,0
DA:128,0
DA:130,0
DA:132,0
DA:134,0
DA:136,0
DA:138,0
DA:140,0
DA:142,0
DA:144,0
DA:146,0
DA:148,1
DA:149,1
DA:150,2
DA:151,1
DA:152,6
DA:154,1
DA:155,6
DA:157,1
DA:158,6
DA:160,1
DA:161,6
DA:163,2
DA:164,2
DA:165,2
DA:166,2
DA:167,2
DA:168,2
DA:169,2
DA:170,2
DA:171,2
DA:172,2
DA:173,2
DA:174,2
DA:175,2
DA:179,2
DA:180,4
DA:183,0
DA:185,0
DA:188,1
DA:193,1
DA:194,1
DA:195,1
DA:198,5
DA:199,10
DA:200,10
DA:201,10
DA:208,0
DA:210,0
DA:212,0
DA:214,1
DA:215,1
DA:216,2
DA:217,2
DA:218,2
DA:222,0
DA:223,0
DA:224,0
DA:225,0
DA:226,0
DA:230,0
DA:231,0
DA:233,0
DA:236,1
DA:252,1
DA:253,1
DA:254,1
DA:255,1
DA:256,1
DA:257,1
DA:258,1
DA:259,1
DA:260,1
DA:261,1
DA:262,1
DA:263,1
DA:264,1
DA:265,1
DA:268,5
DA:269,10
DA:270,5
DA:271,10
DA:272,15
DA:273,15
DA:276,5
DA:277,10
DA:278,15
DA:279,15
DA:282,10
DA:283,10
DA:284,10
DA:285,10
DA:286,10
DA:287,10
DA:288,10
DA:289,10
DA:290,10
DA:291,10
DA:292,10
DA:310,0
DA:312,0
DA:314,0
DA:316,0
DA:318,0
DA:320,0
DA:322,0
DA:324,0
DA:326,0
DA:328,0
DA:330,0
DA:332,0
DA:334,0
DA:336,0
DA:338,1
DA:339,1
DA:340,2
DA:341,1
DA:342,6
DA:344,1
DA:345,6
DA:347,2
DA:348,2
DA:349,2
DA:350,2
DA:351,2
DA:352,2
DA:353,2
DA:354,2
DA:355,2
DA:356,2
DA:357,2
DA:361,0
DA:362,0
DA:365,0
DA:366,0
DA:368,0
DA:371,1
DA:379,1
DA:380,1
DA:381,1
DA:382,1
DA:383,1
DA:384,1
DA:387,5
DA:388,10
DA:389,10
DA:390,10
DA:391,10
DA:392,10
DA:393,10
DA:403,0
DA:405,0
DA:407,0
DA:409,0
DA:411,0
DA:413,0
DA:415,1
DA:416,1
DA:417,2
DA:418,2
DA:419,2
DA:420,2
DA:421,2
DA:422,2
DA:426,0
DA:427,0
DA:430,0
DA:431,0
DA:433,0
DA:436,1
DA:443,1
DA:444,1
DA:445,1
DA:446,1
DA:447,1
DA:450,5
DA:451,10
DA:452,10
DA:453,10
DA:454,10
DA:455,10
DA:464,0
DA:466,0
DA:468,0
DA:470,0
DA:472,0
DA:474,1
DA:475,1
DA:476,2
DA:477,2
DA:478,2
DA:479,2
DA:480,2
DA:484,0
DA:485,0
DA:488,0
DA:489,0
DA:491,0
DA:492,0
DA:495,1
DA:502,1
DA:503,1
DA:504,1
DA:505,1
DA:506,1
DA:509,5
DA:510,10
DA:511,10
DA:512,10
DA:513,10
DA:514,10
DA:523,0
DA:525,0
DA:527,0
DA:529,0
DA:531,0
DA:533,1
DA:534,1
DA:535,2
DA:536,2
DA:537,2
DA:538,2
DA:539,2
DA:543,0
DA:544,0
DA:547,0
DA:548,0
DA:550,0
DA:551,0
DA:554,1
DA:562,1
DA:563,1
DA:564,1
DA:565,1
DA:566,1
DA:567,1
DA:570,5
DA:571,10
DA:572,10
DA:573,10
DA:574,10
DA:575,10
DA:576,10
DA:586,0
DA:588,0
DA:590,0
DA:592,0
DA:594,0
DA:596,0
DA:598,1
DA:599,1
DA:600,2
DA:601,2
DA:602,2
DA:603,2
DA:604,2
DA:605,2
DA:609,0
DA:610,0
LF:319
LH:226
end_of_record
SF:lib\core\error\failures.dart
DA:4,2
DA:8,2
DA:9,2
DA:13,0
DA:14,0
DA:18,2
DA:19,2
LF:7
LH:5
end_of_record
SF:lib\core\network\network_info.dart
DA:10,0
DA:12,0
DA:13,0
LF:3
LH:0
end_of_record
SF:lib\features\complainant\data\repositories\complaint_repository_impl.dart
DA:14,1
DA:20,1
DA:21,3
DA:23,3
DA:25,1
DA:26,0
DA:28,1
DA:29,1
DA:30,2
DA:33,2
DA:38,1
DA:39,3
DA:41,3
DA:42,1
DA:43,1
DA:44,2
DA:47,2
LF:17
LH:16
end_of_record
SF:lib\core\usecases\usecase.dart
DA:11,0
DA:12,0
LF:2
LH:0
end_of_record
SF:lib\features\complainant\domain\usecases\get_complaints.dart
DA:10,1
DA:13,1
DA:14,3
LF:3
LH:3
end_of_record
SF:lib\features\complainant\domain\usecases\get_complaint_by_id.dart
DA:12,1
DA:15,1
DA:16,4
DA:25,1
DA:27,0
DA:28,0
LF:6
LH:4
end_of_record
SF:lib\features\login\data\data_sources\login_remote_data_source.dart
DA:15,1
DA:18,1
DA:19,1
DA:20,1
DA:24,1
DA:26,3
DA:28,1
DA:34,2
DA:35,3
DA:37,1
LF:10
LH:10
end_of_record
SF:lib\features\login\data\models\login_response_model.dart
DA:4,4
DA:8,4
DA:10,4
DA:11,4
DA:12,4
DA:13,4
DA:14,4
DA:18,1
DA:19,1
DA:20,1
DA:21,1
DA:22,1
LF:12
LH:12
end_of_record
SF:lib\features\login\domain\entities\login_reponse.dart
DA:8,5
DA:10,2
DA:11,2
DA:12,2
DA:13,2
DA:14,2
LF:6
LH:6
end_of_record
SF:lib\features\login\data\repositories\login_repository_impl.dart
DA:13,1
DA:19,1
DA:21,3
DA:23,3
DA:24,1
DA:25,1
DA:26,2
DA:29,2
LF:8
LH:8
end_of_record
SF:lib\features\login\domain\usecases\get_token_access_and_refresh.dart
DA:11,1
DA:14,1
DA:15,3
DA:16,1
DA:17,1
DA:26,1
DA:28,0
DA:29,0
LF:8
LH:6
end_of_record
SF:lib\features\login\presentation\bloc\login_state.dart
DA:5,1
DA:7,0
DA:8,0
DA:18,0
DA:24,0
LF:5
LH:1
end_of_record
SF:lib\features\login\presentation\bloc\login_event.dart
DA:5,0
DA:12,0
DA:14,0
DA:15,0
LF:4
LH:0
end_of_record
SF:lib\features\login\presentation\bloc\login_bloc.dart
DA:16,3
DA:17,2
DA:20,0
DA:24,0
DA:25,0
DA:26,0
DA:27,0
DA:30,0
DA:31,0
DA:32,0
DA:35,0
LF:11
LH:2
end_of_record
